app/build/intermediates/manifest_merge_blame_file/debug/manifest-merger-blame-debug-report.txt
1<?xml version="1.0" encoding="utf-8"?>
2<manifest xmlns:android="http://schemas.android.com/apk/res/android"
3    package="id.rdev.notespenjualan"
4    android:versionCode="1"
5    android:versionName="1.0" >
6
7    <uses-sdk
8        android:minSdkVersion="22"
8-->src\main\AndroidManifest.xml
9        android:targetSdkVersion="28" />
9-->src\main\AndroidManifest.xml
10
11    <uses-permission android:name="android.permission.INTERNET" />
11-->src\main\AndroidManifest.xml:6:5-67
11-->src\main\AndroidManifest.xml:6:22-64
12
13    <application
13-->src\main\AndroidManifest.xml:8:5-35:19
14        android:allowBackup="false"
14-->src\main\AndroidManifest.xml:9:9-36
15        android:appComponentFactory="androidx.core.app.CoreComponentFactory"
15-->[androidx.core:core:1.1.0] AndroidManifest.xml:24:18-86
16        android:debuggable="true"
17        android:icon="@mipmap/ic_launcher"
17-->src\main\AndroidManifest.xml:10:9-43
18        android:label="@string/app_name"
18-->src\main\AndroidManifest.xml:11:9-41
19        android:roundIcon="@mipmap/ic_launcher_round"
19-->src\main\AndroidManifest.xml:12:9-54
20        android:supportsRtl="true"
20-->src\main\AndroidManifest.xml:13:9-35
21        android:testOnly="true"
22        android:theme="@style/AppTheme"
22-->src\main\AndroidManifest.xml:14:9-40
23        android:usesCleartextTraffic="true" >
23-->src\main\AndroidManifest.xml:15:9-44
24        <activity
24-->src\main\AndroidManifest.xml:17:9-27:20
25            android:name="id.rdev.notespenjualan.activity.SplashScreenActivity"
25-->src\main\AndroidManifest.xml:17:19-64
26            android:screenOrientation="portrait"
26-->src\main\AndroidManifest.xml:18:13-49
27            android:theme="@style/AppThemeSplashScreen" >
27-->src\main\AndroidManifest.xml:19:13-56
28            <intent-filter>
28-->src\main\AndroidManifest.xml:21:13-26:29
29                <action android:name="android.intent.action.VIEW" />
29-->src\main\AndroidManifest.xml:22:17-69
29-->src\main\AndroidManifest.xml:22:25-66
30                <action android:name="android.intent.action.MAIN" />
30-->src\main\AndroidManifest.xml:23:17-69
30-->src\main\AndroidManifest.xml:23:25-66
31
32                <category android:name="android.intent.category.LAUNCHER" />
32-->src\main\AndroidManifest.xml:25:17-77
32-->src\main\AndroidManifest.xml:25:27-74
33            </intent-filter>
34        </activity>
35        <activity android:name="id.rdev.notespenjualan.activity.report.ReportActivity" />
35-->src\main\AndroidManifest.xml:28:9-68
35-->src\main\AndroidManifest.xml:28:19-65
36        <activity android:name="id.rdev.notespenjualan.activity.penjualan.PenjualanBarang" />
36-->src\main\AndroidManifest.xml:29:9-72
36-->src\main\AndroidManifest.xml:29:19-69
37        <activity android:name="id.rdev.notespenjualan.activity.data_barang.DataBarangActivity" />
37-->src\main\AndroidManifest.xml:30:9-77
37-->src\main\AndroidManifest.xml:30:19-74
38        <activity android:name="id.rdev.notespenjualan.activity.register.RegisterActivity" />
38-->src\main\AndroidManifest.xml:31:9-72
38-->src\main\AndroidManifest.xml:31:19-69
39        <activity android:name="id.rdev.notespenjualan.activity.data_barang._add.AddBarangActivity" />
39-->src\main\AndroidManifest.xml:32:9-81
39-->src\main\AndroidManifest.xml:32:19-78
40        <activity android:name="id.rdev.notespenjualan.activity.login.LoginActivity" />
40-->src\main\AndroidManifest.xml:33:9-65
40-->src\main\AndroidManifest.xml:33:19-63
41        <activity android:name="id.rdev.notespenjualan.activity._main.MainActivity" />
41-->src\main\AndroidManifest.xml:34:9-65
41-->src\main\AndroidManifest.xml:34:19-62
42
43        <provider
43-->[androidx.lifecycle:lifecycle-process:2.1.0] AndroidManifest.xml:23:9-27:43
44            android:name="androidx.lifecycle.ProcessLifecycleOwnerInitializer"
44-->[androidx.lifecycle:lifecycle-process:2.1.0] AndroidManifest.xml:24:13-79
45            android:authorities="id.rdev.notespenjualan.lifecycle-process"
45-->[androidx.lifecycle:lifecycle-process:2.1.0] AndroidManifest.xml:25:13-69
46            android:exported="false"
46-->[androidx.lifecycle:lifecycle-process:2.1.0] AndroidManifest.xml:26:13-37
47            android:multiprocess="true" />
47-->[androidx.lifecycle:lifecycle-process:2.1.0] AndroidManifest.xml:27:13-40
48    </application>
49
50</manifest>